app/build/intermediates/manifest_merge_blame_file/debug/processDebugMainManifest/manifest-merger-blame-debug-report.txt
1<?xml version="1.0" encoding="utf-8"?>
2<manifest xmlns:android="http://schemas.android.com/apk/res/android"
3    package="com.mad.sensorapp"
4    android:versionCode="4"
5    android:versionName="4.0" >
6
7    <uses-sdk
8        android:minSdkVersion="26"
9        android:targetSdkVersion="36" />
10
11    <!-- Permissions -->
12    <uses-permission
12-->src\main\AndroidManifest.xml:6:5-94
13        android:name="android.permission.BLUETOOTH"
13-->src\main\AndroidManifest.xml:6:22-65
14        android:maxSdkVersion="30" />
14-->src\main\AndroidManifest.xml:6:66-92
15    <uses-permission
15-->src\main\AndroidManifest.xml:7:5-100
16        android:name="android.permission.BLUETOOTH_ADMIN"
16-->src\main\AndroidManifest.xml:7:22-71
17        android:maxSdkVersion="30" />
17-->src\main\AndroidManifest.xml:7:72-98
18    <uses-permission android:name="android.permission.BLUETOOTH_CONNECT" />
18-->src\main\AndroidManifest.xml:8:5-75
18-->src\main\AndroidManifest.xml:8:22-73
19    <uses-permission android:name="android.permission.BLUETOOTH_SCAN" />
19-->src\main\AndroidManifest.xml:9:5-72
19-->src\main\AndroidManifest.xml:9:22-70
20    <uses-permission android:name="android.permission.ACCESS_FINE_LOCATION" />
20-->src\main\AndroidManifest.xml:10:5-78
20-->src\main\AndroidManifest.xml:10:22-76
21    <uses-permission android:name="android.permission.CAMERA" />
21-->src\main\AndroidManifest.xml:11:5-64
21-->src\main\AndroidManifest.xml:11:22-62
22    <uses-permission android:name="android.permission.FLASHLIGHT" />
22-->src\main\AndroidManifest.xml:12:5-68
22-->src\main\AndroidManifest.xml:12:22-66
23    <uses-permission android:name="android.permission.MODIFY_AUDIO_SETTINGS" />
23-->src\main\AndroidManifest.xml:13:5-79
23-->src\main\AndroidManifest.xml:13:22-77
24    <uses-permission android:name="android.permission.ACCESS_NETWORK_STATE" />
24-->src\main\AndroidManifest.xml:14:5-78
24-->src\main\AndroidManifest.xml:14:22-76
25    <uses-permission android:name="android.permission.ACCESS_WIFI_STATE" />
25-->src\main\AndroidManifest.xml:15:5-75
25-->src\main\AndroidManifest.xml:15:22-73
26    <uses-permission android:name="android.permission.ACTIVITY_RECOGNITION" />
26-->src\main\AndroidManifest.xml:16:5-79
26-->src\main\AndroidManifest.xml:16:22-76
27    <uses-permission android:name="android.permission.FOREGROUND_SERVICE" />
27-->src\main\AndroidManifest.xml:17:5-77
27-->src\main\AndroidManifest.xml:17:22-74
28    <uses-permission android:name="android.permission.FOREGROUND_SERVICE_SENSOR" />
28-->src\main\AndroidManifest.xml:18:5-84
28-->src\main\AndroidManifest.xml:18:22-81
29    <uses-permission android:name="android.permission.SYSTEM_ALERT_WINDOW" />
29-->src\main\AndroidManifest.xml:19:5-78
29-->src\main\AndroidManifest.xml:19:22-75
30    <uses-permission android:name="android.permission.INTERNET" />
30-->src\main\AndroidManifest.xml:20:5-67
30-->src\main\AndroidManifest.xml:20:22-64
31    <uses-permission android:name="android.permission.RECORD_AUDIO" />
31-->src\main\AndroidManifest.xml:21:5-71
31-->src\main\AndroidManifest.xml:21:22-68
32    <uses-permission
32-->src\main\AndroidManifest.xml:22:5-23:38
33        android:name="android.permission.WRITE_EXTERNAL_STORAGE"
33-->src\main\AndroidManifest.xml:22:22-78
34        android:maxSdkVersion="28" />
34-->src\main\AndroidManifest.xml:23:9-35
35    <uses-permission
35-->src\main\AndroidManifest.xml:24:5-25:38
36        android:name="android.permission.READ_EXTERNAL_STORAGE"
36-->src\main\AndroidManifest.xml:24:22-77
37        android:maxSdkVersion="32" />
37-->src\main\AndroidManifest.xml:25:9-35
38    <uses-permission android:name="android.permission.POST_NOTIFICATIONS" />
38-->src\main\AndroidManifest.xml:26:5-77
38-->src\main\AndroidManifest.xml:26:22-74
39    <uses-permission android:name="android.permission.VIBRATE" />
39-->src\main\AndroidManifest.xml:27:5-66
39-->src\main\AndroidManifest.xml:27:22-63
40    <uses-permission android:name="android.permission.WAKE_LOCK" />
40-->src\main\AndroidManifest.xml:28:5-68
40-->src\main\AndroidManifest.xml:28:22-65
41    <uses-permission android:name="android.permission.RECEIVE_BOOT_COMPLETED" />
41-->src\main\AndroidManifest.xml:29:5-81
41-->src\main\AndroidManifest.xml:29:22-78
42    <uses-permission android:name="android.permission.HIGH_SAMPLING_RATE_SENSORS" />
42-->src\main\AndroidManifest.xml:30:5-31:45
42-->src\main\AndroidManifest.xml:30:22-82
43
44    <!-- Hardware features (optional) -->
45    <uses-feature
45-->src\main\AndroidManifest.xml:34:5-98
46        android:name="android.hardware.sensor.accelerometer"
46-->src\main\AndroidManifest.xml:34:19-71
47        android:required="true" />
47-->src\main\AndroidManifest.xml:34:72-95
48    <uses-feature
48-->src\main\AndroidManifest.xml:35:5-91
49        android:name="android.hardware.sensor.light"
49-->src\main\AndroidManifest.xml:35:19-63
50        android:required="false" />
50-->src\main\AndroidManifest.xml:35:64-88
51
52    <permission
52-->[androidx.core:core:1.13.1] AndroidManifest.xml:22:5-24:47
53        android:name="com.mad.sensorapp.DYNAMIC_RECEIVER_NOT_EXPORTED_PERMISSION"
53-->[androidx.core:core:1.13.1] AndroidManifest.xml:23:9-81
54        android:protectionLevel="signature" />
54-->[androidx.core:core:1.13.1] AndroidManifest.xml:24:9-44
55
56    <uses-permission android:name="com.mad.sensorapp.DYNAMIC_RECEIVER_NOT_EXPORTED_PERMISSION" /> <!-- Don't require camera, as this requires a rear camera. This allows it to work on the Nexus 7 -->
56-->[androidx.core:core:1.13.1] AndroidManifest.xml:26:5-97
56-->[androidx.core:core:1.13.1] AndroidManifest.xml:26:22-94
57    <uses-feature
57-->[com.journeyapps:zxing-android-embedded:4.3.0] AndroidManifest.xml:25:5-27:36
58        android:name="android.hardware.camera"
58-->[com.journeyapps:zxing-android-embedded:4.3.0] AndroidManifest.xml:26:9-47
59        android:required="false" />
59-->[com.journeyapps:zxing-android-embedded:4.3.0] AndroidManifest.xml:27:9-33
60    <uses-feature
60-->[com.journeyapps:zxing-android-embedded:4.3.0] AndroidManifest.xml:28:5-30:36
61        android:name="android.hardware.camera.front"
61-->[com.journeyapps:zxing-android-embedded:4.3.0] AndroidManifest.xml:29:9-53
62        android:required="false" /> <!-- TODO replace above two with next line after Android 4.2 -->
62-->[com.journeyapps:zxing-android-embedded:4.3.0] AndroidManifest.xml:30:9-33
63    <!-- <uses-feature android:name="android.hardware.camera.any"/> -->
64    <uses-feature
64-->[com.journeyapps:zxing-android-embedded:4.3.0] AndroidManifest.xml:33:5-35:36
65        android:name="android.hardware.camera.autofocus"
65-->[com.journeyapps:zxing-android-embedded:4.3.0] AndroidManifest.xml:34:9-57
66        android:required="false" />
66-->[com.journeyapps:zxing-android-embedded:4.3.0] AndroidManifest.xml:35:9-33
67    <uses-feature
67-->[com.journeyapps:zxing-android-embedded:4.3.0] AndroidManifest.xml:36:5-38:36
68        android:name="android.hardware.camera.flash"
68-->[com.journeyapps:zxing-android-embedded:4.3.0] AndroidManifest.xml:37:9-53
69        android:required="false" />
69-->[com.journeyapps:zxing-android-embedded:4.3.0] AndroidManifest.xml:38:9-33
70    <uses-feature
70-->[com.journeyapps:zxing-android-embedded:4.3.0] AndroidManifest.xml:39:5-41:36
71        android:name="android.hardware.screen.landscape"
71-->[com.journeyapps:zxing-android-embedded:4.3.0] AndroidManifest.xml:40:9-57
72        android:required="false" />
72-->[com.journeyapps:zxing-android-embedded:4.3.0] AndroidManifest.xml:41:9-33
73    <uses-feature
73-->[com.journeyapps:zxing-android-embedded:4.3.0] AndroidManifest.xml:42:5-44:36
74        android:name="android.hardware.wifi"
74-->[com.journeyapps:zxing-android-embedded:4.3.0] AndroidManifest.xml:43:9-45
75        android:required="false" />
75-->[com.journeyapps:zxing-android-embedded:4.3.0] AndroidManifest.xml:44:9-33
76
77    <application
77-->src\main\AndroidManifest.xml:37:5-98:19
78        android:allowBackup="true"
78-->src\main\AndroidManifest.xml:38:9-35
79        android:appComponentFactory="androidx.core.app.CoreComponentFactory"
79-->[androidx.core:core:1.13.1] AndroidManifest.xml:28:18-86
80        android:dataExtractionRules="@xml/data_extraction_rules"
80-->src\main\AndroidManifest.xml:39:9-65
81        android:debuggable="true"
82        android:extractNativeLibs="false"
83        android:fullBackupContent="@xml/backup_rules"
83-->src\main\AndroidManifest.xml:40:9-54
84        android:icon="@mipmap/ic_launcher"
84-->src\main\AndroidManifest.xml:41:9-43
85        android:label="@string/app_name"
85-->src\main\AndroidManifest.xml:42:9-41
86        android:roundIcon="@mipmap/ic_launcher_round"
86-->src\main\AndroidManifest.xml:43:9-54
87        android:supportsRtl="true"
87-->src\main\AndroidManifest.xml:44:9-35
88        android:testOnly="true"
89        android:theme="@style/Theme.SensorApp"
89-->src\main\AndroidManifest.xml:45:9-47
90        android:usesCleartextTraffic="true" >
90-->src\main\AndroidManifest.xml:46:9-44
91
92        <!-- Splash -->
93        <activity
93-->src\main\AndroidManifest.xml:49:9-58:20
94            android:name="com.mad.sensorapp.SplashActivity"
94-->src\main\AndroidManifest.xml:50:13-43
95            android:exported="true"
95-->src\main\AndroidManifest.xml:51:13-36
96            android:screenOrientation="portrait"
96-->src\main\AndroidManifest.xml:53:13-49
97            android:theme="@style/Theme.SensorApp.Splash" >
97-->src\main\AndroidManifest.xml:52:13-58
98            <intent-filter>
98-->src\main\AndroidManifest.xml:54:13-57:29
99                <action android:name="android.intent.action.MAIN" />
99-->src\main\AndroidManifest.xml:55:17-69
99-->src\main\AndroidManifest.xml:55:25-66
100
101                <category android:name="android.intent.category.LAUNCHER" />
101-->src\main\AndroidManifest.xml:56:17-77
101-->src\main\AndroidManifest.xml:56:27-74
102            </intent-filter>
103        </activity>
104
105        <!-- Onboarding -->
106        <activity
106-->src\main\AndroidManifest.xml:61:9-64:52
107            android:name="com.mad.sensorapp.OnboardingActivity"
107-->src\main\AndroidManifest.xml:62:13-47
108            android:exported="false"
108-->src\main\AndroidManifest.xml:63:13-37
109            android:screenOrientation="portrait" />
109-->src\main\AndroidManifest.xml:64:13-49
110
111        <!-- Main -->
112        <activity
112-->src\main\AndroidManifest.xml:67:9-70:52
113            android:name="com.mad.sensorapp.MainActivity"
113-->src\main\AndroidManifest.xml:68:13-41
114            android:exported="false"
114-->src\main\AndroidManifest.xml:69:13-37
115            android:screenOrientation="portrait" />
115-->src\main\AndroidManifest.xml:70:13-49
116
117        <!-- Background Sensor Service -->
118        <service
118-->src\main\AndroidManifest.xml:73:9-75:39
119            android:name="com.mad.sensorapp.service.SensorBackgroundService"
119-->src\main\AndroidManifest.xml:74:13-60
120            android:exported="false" />
120-->src\main\AndroidManifest.xml:75:13-37
121
122        <!-- Floating HUD Service -->
123        <service
123-->src\main\AndroidManifest.xml:78:9-80:39
124            android:name="com.mad.sensorapp.service.FloatingHudService"
124-->src\main\AndroidManifest.xml:79:13-55
125            android:exported="false" />
125-->src\main\AndroidManifest.xml:80:13-37
126
127        <provider
128            android:name="androidx.core.content.FileProvider"
128-->src\main\AndroidManifest.xml:83:13-62
129            android:authorities="com.mad.sensorapp.provider"
129-->src\main\AndroidManifest.xml:84:13-60
130            android:exported="false"
130-->src\main\AndroidManifest.xml:85:13-37
131            android:grantUriPermissions="true" >
131-->src\main\AndroidManifest.xml:86:13-47
132            <meta-data
132-->src\main\AndroidManifest.xml:87:13-89:57
133                android:name="android.support.FILE_PROVIDER_PATHS"
133-->src\main\AndroidManifest.xml:88:17-67
134                android:resource="@xml/provider_paths" />
134-->src\main\AndroidManifest.xml:89:17-55
135        </provider>
136
137        <!-- WorkManager Scheduled Recording Worker -->
138        <service
138-->src\main\AndroidManifest.xml:93:9-96:72
139            android:name="com.mad.sensorapp.service.ScheduledRecordingWorker"
139-->src\main\AndroidManifest.xml:94:13-61
140            android:exported="false"
140-->src\main\AndroidManifest.xml:95:13-37
141            android:permission="android.permission.BIND_JOB_SERVICE" />
141-->src\main\AndroidManifest.xml:96:13-69
142
143        <provider
143-->[androidx.work:work-runtime:2.9.0] AndroidManifest.xml:29:9-37:20
144            android:name="androidx.startup.InitializationProvider"
144-->[androidx.work:work-runtime:2.9.0] AndroidManifest.xml:30:13-67
145            android:authorities="com.mad.sensorapp.androidx-startup"
145-->[androidx.work:work-runtime:2.9.0] AndroidManifest.xml:31:13-68
146            android:exported="false" >
146-->[androidx.work:work-runtime:2.9.0] AndroidManifest.xml:32:13-37
147            <meta-data
147-->[androidx.work:work-runtime:2.9.0] AndroidManifest.xml:34:13-36:52
148                android:name="androidx.work.WorkManagerInitializer"
148-->[androidx.work:work-runtime:2.9.0] AndroidManifest.xml:35:17-68
149                android:value="androidx.startup" />
149-->[androidx.work:work-runtime:2.9.0] AndroidManifest.xml:36:17-49
150            <meta-data
150-->[androidx.emoji2:emoji2:1.3.0] AndroidManifest.xml:29:13-31:52
151                android:name="androidx.emoji2.text.EmojiCompatInitializer"
151-->[androidx.emoji2:emoji2:1.3.0] AndroidManifest.xml:30:17-75
152                android:value="androidx.startup" />
152-->[androidx.emoji2:emoji2:1.3.0] AndroidManifest.xml:31:17-49
153            <meta-data
153-->[androidx.lifecycle:lifecycle-process:2.6.2] AndroidManifest.xml:29:13-31:52
154                android:name="androidx.lifecycle.ProcessLifecycleInitializer"
154-->[androidx.lifecycle:lifecycle-process:2.6.2] AndroidManifest.xml:30:17-78
155                android:value="androidx.startup" />
155-->[androidx.lifecycle:lifecycle-process:2.6.2] AndroidManifest.xml:31:17-49
156            <meta-data
156-->[androidx.profileinstaller:profileinstaller:1.3.1] AndroidManifest.xml:29:13-31:52
157                android:name="androidx.profileinstaller.ProfileInstallerInitializer"
157-->[androidx.profileinstaller:profileinstaller:1.3.1] AndroidManifest.xml:30:17-85
158                android:value="androidx.startup" />
158-->[androidx.profileinstaller:profileinstaller:1.3.1] AndroidManifest.xml:31:17-49
159        </provider>
160
161        <service
161-->[androidx.work:work-runtime:2.9.0] AndroidManifest.xml:39:9-45:35
162            android:name="androidx.work.impl.background.systemalarm.SystemAlarmService"
162-->[androidx.work:work-runtime:2.9.0] AndroidManifest.xml:40:13-88
163            android:directBootAware="false"
163-->[androidx.work:work-runtime:2.9.0] AndroidManifest.xml:41:13-44
164            android:enabled="@bool/enable_system_alarm_service_default"
164-->[androidx.work:work-runtime:2.9.0] AndroidManifest.xml:42:13-72
165            android:exported="false" />
165-->[androidx.work:work-runtime:2.9.0] AndroidManifest.xml:43:13-37
166        <service
166-->[androidx.work:work-runtime:2.9.0] AndroidManifest.xml:46:9-52:35
167            android:name="androidx.work.impl.background.systemjob.SystemJobService"
167-->[androidx.work:work-runtime:2.9.0] AndroidManifest.xml:47:13-84
168            android:directBootAware="false"
168-->[androidx.work:work-runtime:2.9.0] AndroidManifest.xml:48:13-44
169            android:enabled="@bool/enable_system_job_service_default"
169-->[androidx.work:work-runtime:2.9.0] AndroidManifest.xml:49:13-70
170            android:exported="true"
170-->[androidx.work:work-runtime:2.9.0] AndroidManifest.xml:50:13-36
171            android:permission="android.permission.BIND_JOB_SERVICE" />
171-->[androidx.work:work-runtime:2.9.0] AndroidManifest.xml:51:13-69
172        <service
172-->[androidx.work:work-runtime:2.9.0] AndroidManifest.xml:53:9-59:35
173            android:name="androidx.work.impl.foreground.SystemForegroundService"
173-->[androidx.work:work-runtime:2.9.0] AndroidManifest.xml:54:13-81
174            android:directBootAware="false"
174-->[androidx.work:work-runtime:2.9.0] AndroidManifest.xml:55:13-44
175            android:enabled="@bool/enable_system_foreground_service_default"
175-->[androidx.work:work-runtime:2.9.0] AndroidManifest.xml:56:13-77
176            android:exported="false" />
176-->[androidx.work:work-runtime:2.9.0] AndroidManifest.xml:57:13-37
177
178        <receiver
178-->[androidx.work:work-runtime:2.9.0] AndroidManifest.xml:61:9-66:35
179            android:name="androidx.work.impl.utils.ForceStopRunnable$BroadcastReceiver"
179-->[androidx.work:work-runtime:2.9.0] AndroidManifest.xml:62:13-88
180            android:directBootAware="false"
180-->[androidx.work:work-runtime:2.9.0] AndroidManifest.xml:63:13-44
181            android:enabled="true"
181-->[androidx.work:work-runtime:2.9.0] AndroidManifest.xml:64:13-35
182            android:exported="false" />
182-->[androidx.work:work-runtime:2.9.0] AndroidManifest.xml:65:13-37
183        <receiver
183-->[androidx.work:work-runtime:2.9.0] AndroidManifest.xml:67:9-77:20
184            android:name="androidx.work.impl.background.systemalarm.ConstraintProxy$BatteryChargingProxy"
184-->[androidx.work:work-runtime:2.9.0] AndroidManifest.xml:68:13-106
185            android:directBootAware="false"
185-->[androidx.work:work-runtime:2.9.0] AndroidManifest.xml:69:13-44
186            android:enabled="false"
186-->[androidx.work:work-runtime:2.9.0] AndroidManifest.xml:70:13-36
187            android:exported="false" >
187-->[androidx.work:work-runtime:2.9.0] AndroidManifest.xml:71:13-37
188            <intent-filter>
188-->[androidx.work:work-runtime:2.9.0] AndroidManifest.xml:73:13-76:29
189                <action android:name="android.intent.action.ACTION_POWER_CONNECTED" />
189-->[androidx.work:work-runtime:2.9.0] AndroidManifest.xml:74:17-87
189-->[androidx.work:work-runtime:2.9.0] AndroidManifest.xml:74:25-84
190                <action android:name="android.intent.action.ACTION_POWER_DISCONNECTED" />
190-->[androidx.work:work-runtime:2.9.0] AndroidManifest.xml:75:17-90
190-->[androidx.work:work-runtime:2.9.0] AndroidManifest.xml:75:25-87
191            </intent-filter>
192        </receiver>
193        <receiver
193-->[androidx.work:work-runtime:2.9.0] AndroidManifest.xml:78:9-88:20
194            android:name="androidx.work.impl.background.systemalarm.ConstraintProxy$BatteryNotLowProxy"
194-->[androidx.work:work-runtime:2.9.0] AndroidManifest.xml:79:13-104
195            android:directBootAware="false"
195-->[androidx.work:work-runtime:2.9.0] AndroidManifest.xml:80:13-44
196            android:enabled="false"
196-->[androidx.work:work-runtime:2.9.0] AndroidManifest.xml:81:13-36
197            android:exported="false" >
197-->[androidx.work:work-runtime:2.9.0] AndroidManifest.xml:82:13-37
198            <intent-filter>
198-->[androidx.work:work-runtime:2.9.0] AndroidManifest.xml:84:13-87:29
199                <action android:name="android.intent.action.BATTERY_OKAY" />
199-->[androidx.work:work-runtime:2.9.0] AndroidManifest.xml:85:17-77
199-->[androidx.work:work-runtime:2.9.0] AndroidManifest.xml:85:25-74
200                <action android:name="android.intent.action.BATTERY_LOW" />
200-->[androidx.work:work-runtime:2.9.0] AndroidManifest.xml:86:17-76
200-->[androidx.work:work-runtime:2.9.0] AndroidManifest.xml:86:25-73
201            </intent-filter>
202        </receiver>
203        <receiver
203-->[androidx.work:work-runtime:2.9.0] AndroidManifest.xml:89:9-99:20
204            android:name="androidx.work.impl.background.systemalarm.ConstraintProxy$StorageNotLowProxy"
204-->[androidx.work:work-runtime:2.9.0] AndroidManifest.xml:90:13-104
205            android:directBootAware="false"
205-->[androidx.work:work-runtime:2.9.0] AndroidManifest.xml:91:13-44
206            android:enabled="false"
206-->[androidx.work:work-runtime:2.9.0] AndroidManifest.xml:92:13-36
207            android:exported="false" >
207-->[androidx.work:work-runtime:2.9.0] AndroidManifest.xml:93:13-37
208            <intent-filter>
208-->[androidx.work:work-runtime:2.9.0] AndroidManifest.xml:95:13-98:29
209                <action android:name="android.intent.action.DEVICE_STORAGE_LOW" />
209-->[androidx.work:work-runtime:2.9.0] AndroidManifest.xml:96:17-83
209-->[androidx.work:work-runtime:2.9.0] AndroidManifest.xml:96:25-80
210                <action android:name="android.intent.action.DEVICE_STORAGE_OK" />
210-->[androidx.work:work-runtime:2.9.0] AndroidManifest.xml:97:17-82
210-->[androidx.work:work-runtime:2.9.0] AndroidManifest.xml:97:25-79
211            </intent-filter>
212        </receiver>
213        <receiver
213-->[androidx.work:work-runtime:2.9.0] AndroidManifest.xml:100:9-109:20
214            android:name="androidx.work.impl.background.systemalarm.ConstraintProxy$NetworkStateProxy"
214-->[androidx.work:work-runtime:2.9.0] AndroidManifest.xml:101:13-103
215            android:directBootAware="false"
215-->[androidx.work:work-runtime:2.9.0] AndroidManifest.xml:102:13-44
216            android:enabled="false"
216-->[androidx.work:work-runtime:2.9.0] AndroidManifest.xml:103:13-36
217            android:exported="false" >
217-->[androidx.work:work-runtime:2.9.0] AndroidManifest.xml:104:13-37
218            <intent-filter>
218-->[androidx.work:work-runtime:2.9.0] AndroidManifest.xml:106:13-108:29
219                <action android:name="android.net.conn.CONNECTIVITY_CHANGE" />
219-->[androidx.work:work-runtime:2.9.0] AndroidManifest.xml:107:17-79
219-->[androidx.work:work-runtime:2.9.0] AndroidManifest.xml:107:25-76
220            </intent-filter>
221        </receiver>
222        <receiver
222-->[androidx.work:work-runtime:2.9.0] AndroidManifest.xml:110:9-121:20
223            android:name="androidx.work.impl.background.systemalarm.RescheduleReceiver"
223-->[androidx.work:work-runtime:2.9.0] AndroidManifest.xml:111:13-88
224            android:directBootAware="false"
224-->[androidx.work:work-runtime:2.9.0] AndroidManifest.xml:112:13-44
225            android:enabled="false"
225-->[androidx.work:work-runtime:2.9.0] AndroidManifest.xml:113:13-36
226            android:exported="false" >
226-->[androidx.work:work-runtime:2.9.0] AndroidManifest.xml:114:13-37
227            <intent-filter>
227-->[androidx.work:work-runtime:2.9.0] AndroidManifest.xml:116:13-120:29
228                <action android:name="android.intent.action.BOOT_COMPLETED" />
228-->[androidx.work:work-runtime:2.9.0] AndroidManifest.xml:117:17-79
228-->[androidx.work:work-runtime:2.9.0] AndroidManifest.xml:117:25-76
229                <action android:name="android.intent.action.TIME_SET" />
229-->[androidx.work:work-runtime:2.9.0] AndroidManifest.xml:118:17-73
229-->[androidx.work:work-runtime:2.9.0] AndroidManifest.xml:118:25-70
230                <action android:name="android.intent.action.TIMEZONE_CHANGED" />
230-->[androidx.work:work-runtime:2.9.0] AndroidManifest.xml:119:17-81
230-->[androidx.work:work-runtime:2.9.0] AndroidManifest.xml:119:25-78
231            </intent-filter>
232        </receiver>
233        <receiver
233-->[androidx.work:work-runtime:2.9.0] AndroidManifest.xml:122:9-131:20
234            android:name="androidx.work.impl.background.systemalarm.ConstraintProxyUpdateReceiver"
234-->[androidx.work:work-runtime:2.9.0] AndroidManifest.xml:123:13-99
235            android:directBootAware="false"
235-->[androidx.work:work-runtime:2.9.0] AndroidManifest.xml:124:13-44
236            android:enabled="@bool/enable_system_alarm_service_default"
236-->[androidx.work:work-runtime:2.9.0] AndroidManifest.xml:125:13-72
237            android:exported="false" >
237-->[androidx.work:work-runtime:2.9.0] AndroidManifest.xml:126:13-37
238            <intent-filter>
238-->[androidx.work:work-runtime:2.9.0] AndroidManifest.xml:128:13-130:29
239                <action android:name="androidx.work.impl.background.systemalarm.UpdateProxies" />
239-->[androidx.work:work-runtime:2.9.0] AndroidManifest.xml:129:17-98
239-->[androidx.work:work-runtime:2.9.0] AndroidManifest.xml:129:25-95
240            </intent-filter>
241        </receiver>
242        <receiver
242-->[androidx.work:work-runtime:2.9.0] AndroidManifest.xml:132:9-142:20
243            android:name="androidx.work.impl.diagnostics.DiagnosticsReceiver"
243-->[androidx.work:work-runtime:2.9.0] AndroidManifest.xml:133:13-78
244            android:directBootAware="false"
244-->[androidx.work:work-runtime:2.9.0] AndroidManifest.xml:134:13-44
245            android:enabled="true"
245-->[androidx.work:work-runtime:2.9.0] AndroidManifest.xml:135:13-35
246            android:exported="true"
246-->[androidx.work:work-runtime:2.9.0] AndroidManifest.xml:136:13-36
247            android:permission="android.permission.DUMP" >
247-->[androidx.work:work-runtime:2.9.0] AndroidManifest.xml:137:13-57
248            <intent-filter>
248-->[androidx.work:work-runtime:2.9.0] AndroidManifest.xml:139:13-141:29
249                <action android:name="androidx.work.diagnostics.REQUEST_DIAGNOSTICS" />
249-->[androidx.work:work-runtime:2.9.0] AndroidManifest.xml:140:17-88
249-->[androidx.work:work-runtime:2.9.0] AndroidManifest.xml:140:25-85
250            </intent-filter>
251        </receiver>
252
253        <uses-library
253-->[androidx.window:window:1.0.0] AndroidManifest.xml:25:9-27:40
254            android:name="androidx.window.extensions"
254-->[androidx.window:window:1.0.0] AndroidManifest.xml:26:13-54
255            android:required="false" />
255-->[androidx.window:window:1.0.0] AndroidManifest.xml:27:13-37
256        <uses-library
256-->[androidx.window:window:1.0.0] AndroidManifest.xml:28:9-30:40
257            android:name="androidx.window.sidecar"
257-->[androidx.window:window:1.0.0] AndroidManifest.xml:29:13-51
258            android:required="false" />
258-->[androidx.window:window:1.0.0] AndroidManifest.xml:30:13-37
259
260        <service
260-->[androidx.room:room-runtime:2.6.1] AndroidManifest.xml:24:9-28:63
261            android:name="androidx.room.MultiInstanceInvalidationService"
261-->[androidx.room:room-runtime:2.6.1] AndroidManifest.xml:25:13-74
262            android:directBootAware="true"
262-->[androidx.room:room-runtime:2.6.1] AndroidManifest.xml:26:13-43
263            android:exported="false" />
263-->[androidx.room:room-runtime:2.6.1] AndroidManifest.xml:27:13-37
264
265        <activity
265-->[com.journeyapps:zxing-android-embedded:4.3.0] AndroidManifest.xml:47:9-53:63
266            android:name="com.journeyapps.barcodescanner.CaptureActivity"
266-->[com.journeyapps:zxing-android-embedded:4.3.0] AndroidManifest.xml:48:13-74
267            android:clearTaskOnLaunch="true"
267-->[com.journeyapps:zxing-android-embedded:4.3.0] AndroidManifest.xml:49:13-45
268            android:screenOrientation="sensorLandscape"
268-->[com.journeyapps:zxing-android-embedded:4.3.0] AndroidManifest.xml:50:13-56
269            android:stateNotNeeded="true"
269-->[com.journeyapps:zxing-android-embedded:4.3.0] AndroidManifest.xml:51:13-42
270            android:theme="@style/zxing_CaptureTheme"
270-->[com.journeyapps:zxing-android-embedded:4.3.0] AndroidManifest.xml:52:13-54
271            android:windowSoftInputMode="stateAlwaysHidden" />
271-->[com.journeyapps:zxing-android-embedded:4.3.0] AndroidManifest.xml:53:13-60
272
273        <receiver
273-->[androidx.profileinstaller:profileinstaller:1.3.1] AndroidManifest.xml:34:9-52:20
274            android:name="androidx.profileinstaller.ProfileInstallReceiver"
274-->[androidx.profileinstaller:profileinstaller:1.3.1] AndroidManifest.xml:35:13-76
275            android:directBootAware="false"
275-->[androidx.profileinstaller:profileinstaller:1.3.1] AndroidManifest.xml:36:13-44
276            android:enabled="true"
276-->[androidx.profileinstaller:profileinstaller:1.3.1] AndroidManifest.xml:37:13-35
277            android:exported="true"
277-->[androidx.profileinstaller:profileinstaller:1.3.1] AndroidManifest.xml:38:13-36
278            android:permission="android.permission.DUMP" >
278-->[androidx.profileinstaller:profileinstaller:1.3.1] AndroidManifest.xml:39:13-57
279            <intent-filter>
279-->[androidx.profileinstaller:profileinstaller:1.3.1] AndroidManifest.xml:40:13-42:29
280                <action android:name="androidx.profileinstaller.action.INSTALL_PROFILE" />
280-->[androidx.profileinstaller:profileinstaller:1.3.1] AndroidManifest.xml:41:17-91
280-->[androidx.profileinstaller:profileinstaller:1.3.1] AndroidManifest.xml:41:25-88
281            </intent-filter>
282            <intent-filter>
282-->[androidx.profileinstaller:profileinstaller:1.3.1] AndroidManifest.xml:43:13-45:29
283                <action android:name="androidx.profileinstaller.action.SKIP_FILE" />
283-->[androidx.profileinstaller:profileinstaller:1.3.1] AndroidManifest.xml:44:17-85
283-->[androidx.profileinstaller:profileinstaller:1.3.1] AndroidManifest.xml:44:25-82
284            </intent-filter>
285            <intent-filter>
285-->[androidx.profileinstaller:profileinstaller:1.3.1] AndroidManifest.xml:46:13-48:29
286                <action android:name="androidx.profileinstaller.action.SAVE_PROFILE" />
286-->[androidx.profileinstaller:profileinstaller:1.3.1] AndroidManifest.xml:47:17-88
286-->[androidx.profileinstaller:profileinstaller:1.3.1] AndroidManifest.xml:47:25-85
287            </intent-filter>
288            <intent-filter>
288-->[androidx.profileinstaller:profileinstaller:1.3.1] AndroidManifest.xml:49:13-51:29
289                <action android:name="androidx.profileinstaller.action.BENCHMARK_OPERATION" />
289-->[androidx.profileinstaller:profileinstaller:1.3.1] AndroidManifest.xml:50:17-95